2024-11-27 09:43:18 [DEBUG]: Authentication successful {
  "userId": "67466b25bd6933ede0ca5800"
}
2024-11-27 09:43:18 [DEBUG]: Validation passed: {
  "path": "/profile",
  "method": "PUT"
}
2024-11-27 09:43:18 [DEBUG]: Authentication successful {
  "userId": "67466b26bd6933ede0ca5809"
}
2024-11-27 09:43:18 [DEBUG]: Validation passed: {
  "path": "/profile",
  "method": "PUT"
}
2024-11-27 09:43:18 [DEBUG]: Authentication successful {
  "userId": "67466b26bd6933ede0ca580e"
}
2024-11-27 09:43:18 [WARN]: Validation failed: {
  "path": "/profile",
  "method": "PUT",
  "errors": [
    {
      "type": "field",
      "value": "invalid@username",
      "msg": "사용자명은 영문, 숫자, 언더스코어만 사용할 수 있습니다",
      "path": "username",
      "location": "body"
    }
  ]
}
2024-11-27 09:43:18 [DEBUG]: Authentication successful {
  "userId": "67466b26bd6933ede0ca5810"
}
2024-11-27 09:43:18 [WARN]: Validation failed: {
  "path": "/profile",
  "method": "PUT",
  "errors": [
    {
      "type": "field",
      "value": "A",
      "msg": "이름은 2-50자 사이여야 합니다",
      "path": "name",
      "location": "body"
    }
  ]
}
2024-11-27 09:43:19 [WARN]: Authentication failed: No token provided 
2024-11-27 09:43:20 [ERROR]: jwt expired {
  "name": "TokenExpiredError",
  "expiredAt": "2024-11-27T00:43:19.000Z",
  "stack": "TokenExpiredError: jwt expired\n    at D:\\Macjin\\backend\\node_modules\\jsonwebtoken\\verify.js:190:21\n    at getSecret (D:\\Macjin\\backend\\node_modules\\jsonwebtoken\\verify.js:97:14)\n    at Object.<anonymous>.module.exports [as verify] (D:\\Macjin\\backend\\node_modules\\jsonwebtoken\\verify.js:101:10)\n    at verify (D:\\Macjin\\backend\\middleware\\auth.js:20:25)\n    at Layer.handle [as handle_request] (D:\\Macjin\\backend\\node_modules\\express\\lib\\router\\layer.js:95:5)\n    at next (D:\\Macjin\\backend\\node_modules\\express\\lib\\router\\route.js:149:13)\n    at Route.dispatch (D:\\Macjin\\backend\\node_modules\\express\\lib\\router\\route.js:119:3)\n    at Layer.handle [as handle_request] (D:\\Macjin\\backend\\node_modules\\express\\lib\\router\\layer.js:95:5)\n    at D:\\Macjin\\backend\\node_modules\\express\\lib\\router\\index.js:284:15\n    at Function.process_params (D:\\Macjin\\backend\\node_modules\\express\\lib\\router\\index.js:346:12)\n    at next (D:\\Macjin\\backend\\node_modules\\express\\lib\\router\\index.js:280:10)\n    at Function.handle (D:\\Macjin\\backend\\node_modules\\express\\lib\\router\\index.js:175:3)\n    at router (D:\\Macjin\\backend\\node_modules\\express\\lib\\router\\index.js:47:12)\n    at Layer.handle [as handle_request] (D:\\Macjin\\backend\\node_modules\\express\\lib\\router\\layer.js:95:5)\n    at trim_prefix (D:\\Macjin\\backend\\node_modules\\express\\lib\\router\\index.js:328:13)\n    at D:\\Macjin\\backend\\node_modules\\express\\lib\\router\\index.js:286:9\n    at Function.process_params (D:\\Macjin\\backend\\node_modules\\express\\lib\\router\\index.js:346:12)\n    at next (D:\\Macjin\\backend\\node_modules\\express\\lib\\router\\index.js:280:10)\n    at urlencodedParser (D:\\Macjin\\backend\\node_modules\\body-parser\\lib\\types\\urlencoded.js:85:7)\n    at Layer.handle [as handle_request] (D:\\Macjin\\backend\\node_modules\\express\\lib\\router\\layer.js:95:5)\n    at trim_prefix (D:\\Macjin\\backend\\node_modules\\express\\lib\\router\\index.js:328:13)\n    at D:\\Macjin\\backend\\node_modules\\express\\lib\\router\\index.js:286:9\n    at Function.process_params (D:\\Macjin\\backend\\node_modules\\express\\lib\\router\\index.js:346:12)\n    at next (D:\\Macjin\\backend\\node_modules\\express\\lib\\router\\index.js:280:10)\n    at D:\\Macjin\\backend\\node_modules\\body-parser\\lib\\read.js:137:5\n    at AsyncResource.runInAsyncScope (node:async_hooks:211:14)\n    at invokeCallback (D:\\Macjin\\backend\\node_modules\\raw-body\\index.js:238:16)\n    at done (D:\\Macjin\\backend\\node_modules\\raw-body\\index.js:227:7)\n    at IncomingMessage.onEnd (D:\\Macjin\\backend\\node_modules\\raw-body\\index.js:287:7)\n    at IncomingMessage.emit (node:events:518:28)\n    at endReadableNT (node:internal/streams/readable:1698:12)\n    at processTicksAndRejections (node:internal/process/task_queues:90:21)"
}
2024-11-27 09:43:20 [ERROR]: invalid token {
  "name": "JsonWebTokenError",
  "stack": "JsonWebTokenError: invalid token\n    at Object.<anonymous>.module.exports [as verify] (D:\\Macjin\\backend\\node_modules\\jsonwebtoken\\verify.js:82:17)\n    at verify (D:\\Macjin\\backend\\middleware\\auth.js:20:25)\n    at Layer.handle [as handle_request] (D:\\Macjin\\backend\\node_modules\\express\\lib\\router\\layer.js:95:5)\n    at next (D:\\Macjin\\backend\\node_modules\\express\\lib\\router\\route.js:149:13)\n    at Route.dispatch (D:\\Macjin\\backend\\node_modules\\express\\lib\\router\\route.js:119:3)\n    at Layer.handle [as handle_request] (D:\\Macjin\\backend\\node_modules\\express\\lib\\router\\layer.js:95:5)\n    at D:\\Macjin\\backend\\node_modules\\express\\lib\\router\\index.js:284:15\n    at Function.process_params (D:\\Macjin\\backend\\node_modules\\express\\lib\\router\\index.js:346:12)\n    at next (D:\\Macjin\\backend\\node_modules\\express\\lib\\router\\index.js:280:10)\n    at Function.handle (D:\\Macjin\\backend\\node_modules\\express\\lib\\router\\index.js:175:3)\n    at router (D:\\Macjin\\backend\\node_modules\\express\\lib\\router\\index.js:47:12)\n    at Layer.handle [as handle_request] (D:\\Macjin\\backend\\node_modules\\express\\lib\\router\\layer.js:95:5)\n    at trim_prefix (D:\\Macjin\\backend\\node_modules\\express\\lib\\router\\index.js:328:13)\n    at D:\\Macjin\\backend\\node_modules\\express\\lib\\router\\index.js:286:9\n    at Function.process_params (D:\\Macjin\\backend\\node_modules\\express\\lib\\router\\index.js:346:12)\n    at next (D:\\Macjin\\backend\\node_modules\\express\\lib\\router\\index.js:280:10)\n    at urlencodedParser (D:\\Macjin\\backend\\node_modules\\body-parser\\lib\\types\\urlencoded.js:85:7)\n    at Layer.handle [as handle_request] (D:\\Macjin\\backend\\node_modules\\express\\lib\\router\\layer.js:95:5)\n    at trim_prefix (D:\\Macjin\\backend\\node_modules\\express\\lib\\router\\index.js:328:13)\n    at D:\\Macjin\\backend\\node_modules\\express\\lib\\router\\index.js:286:9\n    at Function.process_params (D:\\Macjin\\backend\\node_modules\\express\\lib\\router\\index.js:346:12)\n    at next (D:\\Macjin\\backend\\node_modules\\express\\lib\\router\\index.js:280:10)\n    at D:\\Macjin\\backend\\node_modules\\body-parser\\lib\\read.js:137:5\n    at AsyncResource.runInAsyncScope (node:async_hooks:211:14)\n    at invokeCallback (D:\\Macjin\\backend\\node_modules\\raw-body\\index.js:238:16)\n    at done (D:\\Macjin\\backend\\node_modules\\raw-body\\index.js:227:7)\n    at IncomingMessage.onEnd (D:\\Macjin\\backend\\node_modules\\raw-body\\index.js:287:7)\n    at IncomingMessage.emit (node:events:518:28)\n    at endReadableNT (node:internal/streams/readable:1698:12)\n    at processTicksAndRejections (node:internal/process/task_queues:90:21)"
}
2024-11-27 09:44:47 [DEBUG]: Authentication successful {
  "userId": "67466b7f3b23a83701271601"
}
2024-11-27 09:44:47 [DEBUG]: Validation passed: {
  "path": "/profile",
  "method": "PUT"
}
2024-11-27 09:44:47 [DEBUG]: Authentication successful {
  "userId": "67466b7f3b23a8370127160a"
}
2024-11-27 09:44:47 [DEBUG]: Validation passed: {
  "path": "/profile",
  "method": "PUT"
}
2024-11-27 09:44:47 [DEBUG]: Authentication successful {
  "userId": "67466b7f3b23a8370127160f"
}
2024-11-27 09:44:47 [WARN]: Validation failed: {
  "path": "/profile",
  "method": "PUT",
  "errors": [
    {
      "type": "field",
      "value": "invalid@username",
      "msg": "사용자명은 영문, 숫자, 언더스코어만 사용할 수 있습니다",
      "path": "username",
      "location": "body"
    }
  ]
}
2024-11-27 09:44:47 [DEBUG]: Authentication successful {
  "userId": "67466b7f3b23a83701271612"
}
2024-11-27 09:44:47 [WARN]: Validation failed: {
  "path": "/profile",
  "method": "PUT",
  "errors": [
    {
      "type": "field",
      "value": "A",
      "msg": "이름은 2-50자 사이여야 합니다",
      "path": "name",
      "location": "body"
    }
  ]
}
2024-11-27 09:44:47 [WARN]: Authentication failed: No token provided 
2024-11-27 09:44:49 [ERROR]: jwt expired {
  "name": "TokenExpiredError",
  "expiredAt": "2024-11-27T00:44:47.000Z",
  "stack": "TokenExpiredError: jwt expired\n    at D:\\Macjin\\backend\\node_modules\\jsonwebtoken\\verify.js:190:21\n    at getSecret (D:\\Macjin\\backend\\node_modules\\jsonwebtoken\\verify.js:97:14)\n    at Object.<anonymous>.module.exports [as verify] (D:\\Macjin\\backend\\node_modules\\jsonwebtoken\\verify.js:101:10)\n    at verify (D:\\Macjin\\backend\\middleware\\auth.js:20:25)\n    at Layer.handle [as handle_request] (D:\\Macjin\\backend\\node_modules\\express\\lib\\router\\layer.js:95:5)\n    at next (D:\\Macjin\\backend\\node_modules\\express\\lib\\router\\route.js:149:13)\n    at Route.dispatch (D:\\Macjin\\backend\\node_modules\\express\\lib\\router\\route.js:119:3)\n    at Layer.handle [as handle_request] (D:\\Macjin\\backend\\node_modules\\express\\lib\\router\\layer.js:95:5)\n    at D:\\Macjin\\backend\\node_modules\\express\\lib\\router\\index.js:284:15\n    at Function.process_params (D:\\Macjin\\backend\\node_modules\\express\\lib\\router\\index.js:346:12)\n    at next (D:\\Macjin\\backend\\node_modules\\express\\lib\\router\\index.js:280:10)\n    at Function.handle (D:\\Macjin\\backend\\node_modules\\express\\lib\\router\\index.js:175:3)\n    at router (D:\\Macjin\\backend\\node_modules\\express\\lib\\router\\index.js:47:12)\n    at Layer.handle [as handle_request] (D:\\Macjin\\backend\\node_modules\\express\\lib\\router\\layer.js:95:5)\n    at trim_prefix (D:\\Macjin\\backend\\node_modules\\express\\lib\\router\\index.js:328:13)\n    at D:\\Macjin\\backend\\node_modules\\express\\lib\\router\\index.js:286:9\n    at Function.process_params (D:\\Macjin\\backend\\node_modules\\express\\lib\\router\\index.js:346:12)\n    at next (D:\\Macjin\\backend\\node_modules\\express\\lib\\router\\index.js:280:10)\n    at urlencodedParser (D:\\Macjin\\backend\\node_modules\\body-parser\\lib\\types\\urlencoded.js:85:7)\n    at Layer.handle [as handle_request] (D:\\Macjin\\backend\\node_modules\\express\\lib\\router\\layer.js:95:5)\n    at trim_prefix (D:\\Macjin\\backend\\node_modules\\express\\lib\\router\\index.js:328:13)\n    at D:\\Macjin\\backend\\node_modules\\express\\lib\\router\\index.js:286:9\n    at Function.process_params (D:\\Macjin\\backend\\node_modules\\express\\lib\\router\\index.js:346:12)\n    at next (D:\\Macjin\\backend\\node_modules\\express\\lib\\router\\index.js:280:10)\n    at D:\\Macjin\\backend\\node_modules\\body-parser\\lib\\read.js:137:5\n    at AsyncResource.runInAsyncScope (node:async_hooks:211:14)\n    at invokeCallback (D:\\Macjin\\backend\\node_modules\\raw-body\\index.js:238:16)\n    at done (D:\\Macjin\\backend\\node_modules\\raw-body\\index.js:227:7)\n    at IncomingMessage.onEnd (D:\\Macjin\\backend\\node_modules\\raw-body\\index.js:287:7)\n    at IncomingMessage.emit (node:events:518:28)\n    at endReadableNT (node:internal/streams/readable:1698:12)\n    at processTicksAndRejections (node:internal/process/task_queues:90:21)"
}
2024-11-27 09:44:49 [ERROR]: invalid token {
  "name": "JsonWebTokenError",
  "stack": "JsonWebTokenError: invalid token\n    at Object.<anonymous>.module.exports [as verify] (D:\\Macjin\\backend\\node_modules\\jsonwebtoken\\verify.js:82:17)\n    at verify (D:\\Macjin\\backend\\middleware\\auth.js:20:25)\n    at Layer.handle [as handle_request] (D:\\Macjin\\backend\\node_modules\\express\\lib\\router\\layer.js:95:5)\n    at next (D:\\Macjin\\backend\\node_modules\\express\\lib\\router\\route.js:149:13)\n    at Route.dispatch (D:\\Macjin\\backend\\node_modules\\express\\lib\\router\\route.js:119:3)\n    at Layer.handle [as handle_request] (D:\\Macjin\\backend\\node_modules\\express\\lib\\router\\layer.js:95:5)\n    at D:\\Macjin\\backend\\node_modules\\express\\lib\\router\\index.js:284:15\n    at Function.process_params (D:\\Macjin\\backend\\node_modules\\express\\lib\\router\\index.js:346:12)\n    at next (D:\\Macjin\\backend\\node_modules\\express\\lib\\router\\index.js:280:10)\n    at Function.handle (D:\\Macjin\\backend\\node_modules\\express\\lib\\router\\index.js:175:3)\n    at router (D:\\Macjin\\backend\\node_modules\\express\\lib\\router\\index.js:47:12)\n    at Layer.handle [as handle_request] (D:\\Macjin\\backend\\node_modules\\express\\lib\\router\\layer.js:95:5)\n    at trim_prefix (D:\\Macjin\\backend\\node_modules\\express\\lib\\router\\index.js:328:13)\n    at D:\\Macjin\\backend\\node_modules\\express\\lib\\router\\index.js:286:9\n    at Function.process_params (D:\\Macjin\\backend\\node_modules\\express\\lib\\router\\index.js:346:12)\n    at next (D:\\Macjin\\backend\\node_modules\\express\\lib\\router\\index.js:280:10)\n    at urlencodedParser (D:\\Macjin\\backend\\node_modules\\body-parser\\lib\\types\\urlencoded.js:85:7)\n    at Layer.handle [as handle_request] (D:\\Macjin\\backend\\node_modules\\express\\lib\\router\\layer.js:95:5)\n    at trim_prefix (D:\\Macjin\\backend\\node_modules\\express\\lib\\router\\index.js:328:13)\n    at D:\\Macjin\\backend\\node_modules\\express\\lib\\router\\index.js:286:9\n    at Function.process_params (D:\\Macjin\\backend\\node_modules\\express\\lib\\router\\index.js:346:12)\n    at next (D:\\Macjin\\backend\\node_modules\\express\\lib\\router\\index.js:280:10)\n    at D:\\Macjin\\backend\\node_modules\\body-parser\\lib\\read.js:137:5\n    at AsyncResource.runInAsyncScope (node:async_hooks:211:14)\n    at invokeCallback (D:\\Macjin\\backend\\node_modules\\raw-body\\index.js:238:16)\n    at done (D:\\Macjin\\backend\\node_modules\\raw-body\\index.js:227:7)\n    at IncomingMessage.onEnd (D:\\Macjin\\backend\\node_modules\\raw-body\\index.js:287:7)\n    at IncomingMessage.emit (node:events:518:28)\n    at endReadableNT (node:internal/streams/readable:1698:12)\n    at processTicksAndRejections (node:internal/process/task_queues:90:21)"
}
2024-11-27 09:46:08 [DEBUG]: Authentication successful {
  "userId": "67466bd0c14f99446501d068"
}
2024-11-27 09:46:08 [WARN]: Validation failed: {
  "path": "/profile",
  "method": "PUT",
  "errors": [
    {
      "type": "field",
      "value": "existinguser",
      "msg": "이미 사용 중인 사용자명입니다",
      "path": "username",
      "location": "body"
    }
  ]
}
2024-11-27 09:46:08 [DEBUG]: Authentication successful {
  "userId": "67466bd0c14f99446501d072"
}
2024-11-27 09:46:08 [DEBUG]: Validation passed: {
  "path": "/profile",
  "method": "PUT"
}
2024-11-27 09:46:08 [DEBUG]: Authentication successful {
  "userId": "67466bd0c14f99446501d079"
}
2024-11-27 09:46:08 [WARN]: Validation failed: {
  "path": "/profile",
  "method": "PUT",
  "errors": [
    {
      "type": "field",
      "value": "invalid@username",
      "msg": "사용자명은 영문, 숫자, 언더스코어만 사용할 수 있습니다",
      "path": "username",
      "location": "body"
    }
  ]
}
2024-11-27 09:46:08 [DEBUG]: Authentication successful {
  "userId": "67466bd0c14f99446501d07e"
}
2024-11-27 09:46:08 [WARN]: Validation failed: {
  "path": "/profile",
  "method": "PUT",
  "errors": [
    {
      "type": "field",
      "value": "A",
      "msg": "이름은 2-50자 사이여야 합니다",
      "path": "name",
      "location": "body"
    }
  ]
}
2024-11-27 09:46:09 [WARN]: Authentication failed: No token provided 
2024-11-27 09:46:10 [ERROR]: jwt expired {
  "name": "TokenExpiredError",
  "expiredAt": "2024-11-27T00:46:09.000Z",
  "stack": "TokenExpiredError: jwt expired\n    at D:\\Macjin\\backend\\node_modules\\jsonwebtoken\\verify.js:190:21\n    at getSecret (D:\\Macjin\\backend\\node_modules\\jsonwebtoken\\verify.js:97:14)\n    at Object.<anonymous>.module.exports [as verify] (D:\\Macjin\\backend\\node_modules\\jsonwebtoken\\verify.js:101:10)\n    at verify (D:\\Macjin\\backend\\middleware\\auth.js:20:25)\n    at Layer.handle [as handle_request] (D:\\Macjin\\backend\\node_modules\\express\\lib\\router\\layer.js:95:5)\n    at next (D:\\Macjin\\backend\\node_modules\\express\\lib\\router\\route.js:149:13)\n    at Route.dispatch (D:\\Macjin\\backend\\node_modules\\express\\lib\\router\\route.js:119:3)\n    at Layer.handle [as handle_request] (D:\\Macjin\\backend\\node_modules\\express\\lib\\router\\layer.js:95:5)\n    at D:\\Macjin\\backend\\node_modules\\express\\lib\\router\\index.js:284:15\n    at Function.process_params (D:\\Macjin\\backend\\node_modules\\express\\lib\\router\\index.js:346:12)\n    at next (D:\\Macjin\\backend\\node_modules\\express\\lib\\router\\index.js:280:10)\n    at Function.handle (D:\\Macjin\\backend\\node_modules\\express\\lib\\router\\index.js:175:3)\n    at router (D:\\Macjin\\backend\\node_modules\\express\\lib\\router\\index.js:47:12)\n    at Layer.handle [as handle_request] (D:\\Macjin\\backend\\node_modules\\express\\lib\\router\\layer.js:95:5)\n    at trim_prefix (D:\\Macjin\\backend\\node_modules\\express\\lib\\router\\index.js:328:13)\n    at D:\\Macjin\\backend\\node_modules\\express\\lib\\router\\index.js:286:9\n    at Function.process_params (D:\\Macjin\\backend\\node_modules\\express\\lib\\router\\index.js:346:12)\n    at next (D:\\Macjin\\backend\\node_modules\\express\\lib\\router\\index.js:280:10)\n    at urlencodedParser (D:\\Macjin\\backend\\node_modules\\body-parser\\lib\\types\\urlencoded.js:85:7)\n    at Layer.handle [as handle_request] (D:\\Macjin\\backend\\node_modules\\express\\lib\\router\\layer.js:95:5)\n    at trim_prefix (D:\\Macjin\\backend\\node_modules\\express\\lib\\router\\index.js:328:13)\n    at D:\\Macjin\\backend\\node_modules\\express\\lib\\router\\index.js:286:9\n    at Function.process_params (D:\\Macjin\\backend\\node_modules\\express\\lib\\router\\index.js:346:12)\n    at next (D:\\Macjin\\backend\\node_modules\\express\\lib\\router\\index.js:280:10)\n    at D:\\Macjin\\backend\\node_modules\\body-parser\\lib\\read.js:137:5\n    at AsyncResource.runInAsyncScope (node:async_hooks:211:14)\n    at invokeCallback (D:\\Macjin\\backend\\node_modules\\raw-body\\index.js:238:16)\n    at done (D:\\Macjin\\backend\\node_modules\\raw-body\\index.js:227:7)\n    at IncomingMessage.onEnd (D:\\Macjin\\backend\\node_modules\\raw-body\\index.js:287:7)\n    at IncomingMessage.emit (node:events:518:28)\n    at endReadableNT (node:internal/streams/readable:1698:12)\n    at processTicksAndRejections (node:internal/process/task_queues:90:21)"
}
2024-11-27 09:46:10 [ERROR]: invalid token {
  "name": "JsonWebTokenError",
  "stack": "JsonWebTokenError: invalid token\n    at Object.<anonymous>.module.exports [as verify] (D:\\Macjin\\backend\\node_modules\\jsonwebtoken\\verify.js:82:17)\n    at verify (D:\\Macjin\\backend\\middleware\\auth.js:20:25)\n    at Layer.handle [as handle_request] (D:\\Macjin\\backend\\node_modules\\express\\lib\\router\\layer.js:95:5)\n    at next (D:\\Macjin\\backend\\node_modules\\express\\lib\\router\\route.js:149:13)\n    at Route.dispatch (D:\\Macjin\\backend\\node_modules\\express\\lib\\router\\route.js:119:3)\n    at Layer.handle [as handle_request] (D:\\Macjin\\backend\\node_modules\\express\\lib\\router\\layer.js:95:5)\n    at D:\\Macjin\\backend\\node_modules\\express\\lib\\router\\index.js:284:15\n    at Function.process_params (D:\\Macjin\\backend\\node_modules\\express\\lib\\router\\index.js:346:12)\n    at next (D:\\Macjin\\backend\\node_modules\\express\\lib\\router\\index.js:280:10)\n    at Function.handle (D:\\Macjin\\backend\\node_modules\\express\\lib\\router\\index.js:175:3)\n    at router (D:\\Macjin\\backend\\node_modules\\express\\lib\\router\\index.js:47:12)\n    at Layer.handle [as handle_request] (D:\\Macjin\\backend\\node_modules\\express\\lib\\router\\layer.js:95:5)\n    at trim_prefix (D:\\Macjin\\backend\\node_modules\\express\\lib\\router\\index.js:328:13)\n    at D:\\Macjin\\backend\\node_modules\\express\\lib\\router\\index.js:286:9\n    at Function.process_params (D:\\Macjin\\backend\\node_modules\\express\\lib\\router\\index.js:346:12)\n    at next (D:\\Macjin\\backend\\node_modules\\express\\lib\\router\\index.js:280:10)\n    at urlencodedParser (D:\\Macjin\\backend\\node_modules\\body-parser\\lib\\types\\urlencoded.js:85:7)\n    at Layer.handle [as handle_request] (D:\\Macjin\\backend\\node_modules\\express\\lib\\router\\layer.js:95:5)\n    at trim_prefix (D:\\Macjin\\backend\\node_modules\\express\\lib\\router\\index.js:328:13)\n    at D:\\Macjin\\backend\\node_modules\\express\\lib\\router\\index.js:286:9\n    at Function.process_params (D:\\Macjin\\backend\\node_modules\\express\\lib\\router\\index.js:346:12)\n    at next (D:\\Macjin\\backend\\node_modules\\express\\lib\\router\\index.js:280:10)\n    at D:\\Macjin\\backend\\node_modules\\body-parser\\lib\\read.js:137:5\n    at AsyncResource.runInAsyncScope (node:async_hooks:211:14)\n    at invokeCallback (D:\\Macjin\\backend\\node_modules\\raw-body\\index.js:238:16)\n    at done (D:\\Macjin\\backend\\node_modules\\raw-body\\index.js:227:7)\n    at IncomingMessage.onEnd (D:\\Macjin\\backend\\node_modules\\raw-body\\index.js:287:7)\n    at IncomingMessage.emit (node:events:518:28)\n    at endReadableNT (node:internal/streams/readable:1698:12)\n    at processTicksAndRejections (node:internal/process/task_queues:90:21)"
}
2024-11-27 10:03:46 [DEBUG]: Authentication successful {
  "userId": "67466ff28095c3d1e6e8d15f"
}
2024-11-27 10:03:46 [DEBUG]: Validation passed: {
  "path": "/profile/image",
  "method": "PUT"
}
2024-11-27 10:03:46 [DEBUG]: Authentication successful {
  "userId": "67466ff28095c3d1e6e8d167"
}
2024-11-27 10:03:46 [ERROR]: Server error: {
  "error": "지원하지 않는 파일 형식입니다"
}
2024-11-27 10:03:46 [WARN]: Authentication failed: No token provided 
2024-11-27 10:03:46 [DEBUG]: Authentication successful {
  "userId": "67466ff28095c3d1e6e8d16b"
}
2024-11-27 10:03:46 [ERROR]: Server error: {
  "error": "File too large"
}
2024-11-27 10:05:00 [DEBUG]: Authentication successful {
  "userId": "6746703c4653e8fbc76e68da"
}
2024-11-27 10:05:00 [DEBUG]: Authentication successful {
  "userId": "6746703c4653e8fbc76e68e2"
}
2024-11-27 10:05:00 [WARN]: Authentication failed: No token provided 
2024-11-27 10:05:00 [DEBUG]: Authentication successful {
  "userId": "6746703c4653e8fbc76e68e6"
}
2024-11-27 10:06:24 [DEBUG]: Authentication successful {
  "userId": "674670904e122ea4654a086b"
}
2024-11-27 10:06:24 [DEBUG]: Authentication successful {
  "userId": "674670904e122ea4654a0873"
}
2024-11-27 10:06:24 [WARN]: Authentication failed: No token provided 
2024-11-27 10:06:24 [DEBUG]: Authentication successful {
  "userId": "674670904e122ea4654a0877"
}
2024-11-27 10:07:39 [DEBUG]: Authentication successful {
  "userId": "674670db93142814f1a2cf12"
}
2024-11-27 10:07:40 [DEBUG]: Authentication successful {
  "userId": "674670dc93142814f1a2cf1a"
}
2024-11-27 10:07:40 [WARN]: Authentication failed: No token provided 
2024-11-27 10:07:40 [DEBUG]: Authentication successful {
  "userId": "674670dc93142814f1a2cf1e"
}
2024-11-27 10:09:09 [DEBUG]: Authentication successful {
  "userId": "67467135b6ad96f819008abd"
}
2024-11-27 10:09:09 [DEBUG]: Authentication successful {
  "userId": "67467135b6ad96f819008ac7"
}
2024-11-27 10:09:09 [WARN]: Authentication failed: No token provided 
2024-11-27 10:09:09 [DEBUG]: Authentication successful {
  "userId": "67467135b6ad96f819008acb"
}
2024-11-27 10:10:08 [DEBUG]: Authentication successful {
  "userId": "6746716f568645a9bfac8369"
}
2024-11-27 10:10:08 [DEBUG]: Authentication successful {
  "userId": "67467170568645a9bfac8373"
}
2024-11-27 10:10:08 [WARN]: Authentication failed: No token provided 
2024-11-27 10:10:08 [DEBUG]: Authentication successful {
  "userId": "67467170568645a9bfac8377"
}
2024-11-27 10:11:23 [DEBUG]: Authentication successful {
  "userId": "674671bb1ef375a1a8ca4789"
}
2024-11-27 10:11:24 [DEBUG]: Authentication successful {
  "userId": "674671bb1ef375a1a8ca4793"
}
2024-11-27 10:11:24 [WARN]: Authentication failed: No token provided 
2024-11-27 10:11:24 [DEBUG]: Authentication successful {
  "userId": "674671bc1ef375a1a8ca4797"
}
2024-11-27 10:12:21 [DEBUG]: Authentication successful {
  "userId": "674671f46e60fbf9543447b5"
}
2024-11-27 10:12:21 [DEBUG]: Authentication successful {
  "userId": "674671f56e60fbf9543447bf"
}
2024-11-27 10:12:21 [WARN]: Authentication failed: No token provided 
2024-11-27 10:12:21 [DEBUG]: Authentication successful {
  "userId": "674671f56e60fbf9543447c3"
}
2024-11-27 10:13:13 [DEBUG]: Authentication successful {
  "userId": "674672293a006c0c3f7713aa"
}
2024-11-27 10:13:13 [DEBUG]: Authentication successful {
  "userId": "674672293a006c0c3f7713b4"
}
2024-11-27 10:13:13 [WARN]: Authentication failed: No token provided 
2024-11-27 10:13:13 [DEBUG]: Authentication successful {
  "userId": "674672293a006c0c3f7713b8"
}
2024-11-27 10:17:35 [DEBUG]: Authentication successful {
  "userId": "6746732fc14199e2dda5973f"
}
2024-11-27 10:17:36 [WARN]: Authentication failed: No token provided 
2024-11-27 10:17:36 [DEBUG]: Authentication successful {
  "userId": "67467330c14199e2dda5974b"
}
2024-11-27 10:19:52 [DEBUG]: Authentication successful {
  "userId": "674673b8d9eadc71a1fd8c9e"
}
2024-11-27 10:19:52 [DEBUG]: Validation passed: {
  "path": "/profile",
  "method": "PUT"
}
2024-11-27 10:19:52 [WARN]: Authentication failed: No token provided 
2024-11-27 10:19:52 [DEBUG]: Authentication successful {
  "userId": "674673b8d9eadc71a1fd8caa"
}
2024-11-27 10:19:52 [WARN]: Validation failed: {
  "path": "/profile",
  "method": "PUT",
  "errors": [
    {
      "type": "field",
      "value": "",
      "msg": "이름은 2-50자 사이여야 합니다",
      "path": "name",
      "location": "body"
    },
    {
      "type": "field",
      "value": "aaaaaaaaaaaaaaaaaaaaaaaaaaaaaaaaaaaaaaaaaaaaaaaaaaaaaaaaaaaaaaaaaaaaaaaaaaaaaaaaaaaaaaaaaaaaaaaaaaaaaaaaaaaaaaaaaaaaaaaaaaaaaaaaaaaaaaaaaaaaaaaaaaaaaaaaaaaaaaaaaaaaaaaaaaaaaaaaaaaaaaaaaaaaaaaaaaaaaaaaaaaaaaaaaaaaaaaaaaaaaaaaaaaaaaaaaaaaaaaaaaaaaaaaaaaaaaaaaaaaaaaaaaaaaaaaaaaaaaaaaaaaaaaaaaaaaaaaaaaaaaaaaaaaaaaaaaaaaaaaaaaaaaaaaaaaaaaaaaaaaaaaaaaaaaaaaaaaaaaaaaaaaaaaaaaaaaaaaaaaaaaaaaaaaaaaaaaaaaaaaaaaaaaaaaaaaaaaaaaaaaaaaaaaaaaaaaaaaaaaaaaaaaaaaaaaaaaaaaaaaaaaaaaaaaaaaaaaaaaaaaaaaaaaaaaaaaaaaaaaa",
      "msg": "자기소개는 500자를 초과할 수 없습니다",
      "path": "bio",
      "location": "body"
    },
    {
      "type": "field",
      "value": "invalid-date",
      "msg": "올바른 날짜 형식이 아닙니다",
      "path": "birthDate",
      "location": "body"
    }
  ]
}
2024-11-27 10:19:52 [DEBUG]: Authentication successful {
  "userId": "674673b8d9eadc71a1fd8cac"
}
2024-11-27 10:19:52 [DEBUG]: Validation passed: {
  "path": "/profile",
  "method": "PUT"
}
2024-11-27 10:20:40 [DEBUG]: Authentication successful {
  "userId": "674673e83f1e576bac850ff3"
}
2024-11-27 10:20:40 [DEBUG]: Validation passed: {
  "path": "/profile",
  "method": "PUT"
}
2024-11-27 10:20:40 [WARN]: Authentication failed: No token provided 
2024-11-27 10:20:40 [DEBUG]: Authentication successful {
  "userId": "674673e83f1e576bac850fff"
}
2024-11-27 10:20:40 [WARN]: Validation failed: {
  "path": "/profile",
  "method": "PUT",
  "errors": [
    {
      "type": "field",
      "value": "",
      "msg": "이름은 2-50자 사이여야 합니다",
      "path": "name",
      "location": "body"
    },
    {
      "type": "field",
      "value": "aaaaaaaaaaaaaaaaaaaaaaaaaaaaaaaaaaaaaaaaaaaaaaaaaaaaaaaaaaaaaaaaaaaaaaaaaaaaaaaaaaaaaaaaaaaaaaaaaaaaaaaaaaaaaaaaaaaaaaaaaaaaaaaaaaaaaaaaaaaaaaaaaaaaaaaaaaaaaaaaaaaaaaaaaaaaaaaaaaaaaaaaaaaaaaaaaaaaaaaaaaaaaaaaaaaaaaaaaaaaaaaaaaaaaaaaaaaaaaaaaaaaaaaaaaaaaaaaaaaaaaaaaaaaaaaaaaaaaaaaaaaaaaaaaaaaaaaaaaaaaaaaaaaaaaaaaaaaaaaaaaaaaaaaaaaaaaaaaaaaaaaaaaaaaaaaaaaaaaaaaaaaaaaaaaaaaaaaaaaaaaaaaaaaaaaaaaaaaaaaaaaaaaaaaaaaaaaaaaaaaaaaaaaaaaaaaaaaaaaaaaaaaaaaaaaaaaaaaaaaaaaaaaaaaaaaaaaaaaaaaaaaaaaaaaaaaaaaaaaaa",
      "msg": "자기소개는 500자를 초과할 수 없습니다",
      "path": "bio",
      "location": "body"
    },
    {
      "type": "field",
      "value": "invalid-date",
      "msg": "올바른 날짜 형식이 아닙니다",
      "path": "birthDate",
      "location": "body"
    }
  ]
}
2024-11-27 10:20:40 [DEBUG]: Authentication successful {
  "userId": "674673e83f1e576bac851001"
}
2024-11-27 10:20:40 [DEBUG]: Validation passed: {
  "path": "/profile",
  "method": "PUT"
}
2024-11-27 10:23:02 [DEBUG]: Authentication successful {
  "userId": "6746747614d8ff6cbb453b14"
}
2024-11-27 10:23:02 [DEBUG]: Validation passed: {
  "path": "/profile/privacy",
  "method": "PUT"
}
2024-11-27 10:23:03 [WARN]: Authentication failed: No token provided 
2024-11-27 10:23:03 [DEBUG]: Authentication successful {
  "userId": "6746747714d8ff6cbb453b24"
}
2024-11-27 10:23:03 [WARN]: Validation failed: {
  "path": "/profile/privacy",
  "method": "PUT",
  "errors": [
    {
      "type": "field",
      "value": "invalid",
      "msg": "공개 여부는 불리언 값이어야 합니다",
      "path": "isPublic",
      "location": "body"
    }
  ]
}
2024-11-27 10:23:03 [DEBUG]: Authentication successful {
  "userId": "6746747714d8ff6cbb453b2a"
}
2024-11-27 10:23:03 [DEBUG]: Validation passed: {
  "path": "/testuser/profile",
  "method": "GET"
}
2024-11-27 10:23:03 [DEBUG]: Authentication successful {
  "userId": "6746747714d8ff6cbb453b2d"
}
2024-11-27 10:23:03 [DEBUG]: Validation passed: {
  "path": "/otheruser/profile",
  "method": "GET"
}
2024-11-27 10:29:18 [DEBUG]: Authentication successful {
  "userId": "674675eed5a829e5796dccd5"
}
2024-11-27 10:29:18 [DEBUG]: Validation passed: {
  "path": "/",
  "method": "POST"
}
2024-11-27 10:29:18 [DEBUG]: Health info created: {
  "userId": "674675eed5a829e5796dccd5",
  "date": "2024-01-01T00:00:00.000Z"
}
2024-11-27 10:29:18 [WARN]: Authentication failed: No token provided 
2024-11-27 10:29:19 [DEBUG]: Authentication successful {
  "userId": "674675eed5a829e5796dccdf"
}
2024-11-27 10:29:19 [WARN]: Validation failed: {
  "path": "/",
  "method": "POST",
  "errors": [
    {
      "type": "field",
      "msg": "올바른 날짜 형식이 아닙니다",
      "path": "date",
      "location": "body"
    },
    {
      "type": "field",
      "msg": "신장은 0-300cm 사이여야 합니다",
      "path": "height",
      "location": "body"
    }
  ]
}
2024-11-27 10:31:36 [DEBUG]: Authentication successful {
  "userId": "674676773332cf6a5d8901f5"
}
2024-11-27 10:31:36 [DEBUG]: Validation passed: {
  "path": "/2024-01-01",
  "method": "GET"
}
2024-11-27 10:31:36 [DEBUG]: Authentication successful {
  "userId": "674676783332cf6a5d8901fd"
}
2024-11-27 10:31:36 [DEBUG]: Validation passed: {
  "path": "/",
  "method": "GET"
}
2024-11-27 10:31:36 [WARN]: Authentication failed: No token provided 
2024-11-27 10:31:36 [DEBUG]: Authentication successful {
  "userId": "674676783332cf6a5d890209"
}
2024-11-27 10:31:36 [DEBUG]: Validation passed: {
  "path": "/2024-12-31",
  "method": "GET"
}
2024-11-27 10:33:37 [DEBUG]: Authentication successful {
  "userId": "674676f194af79f3a7bf24fc"
}
2024-11-27 10:33:37 [WARN]: Validation failed: {
  "path": "/2024-01-01",
  "method": "PUT",
  "errors": [
    {
      "type": "field",
      "msg": "올바른 날짜 형식이 아닙니다",
      "path": "date",
      "location": "body"
    }
  ]
}
2024-11-27 10:33:37 [DEBUG]: Authentication successful {
  "userId": "674676f194af79f3a7bf2503"
}
2024-11-27 10:33:37 [DEBUG]: Validation passed: {
  "path": "/2024-01-01",
  "method": "DELETE"
}
2024-11-27 10:33:37 [DEBUG]: Health info deleted: {
  "userId": "674676f194af79f3a7bf2503",
  "date": "2024-01-01"
}
2024-11-27 10:33:37 [DEBUG]: Authentication successful {
  "userId": "674676f194af79f3a7bf2509"
}
2024-11-27 10:33:37 [WARN]: Validation failed: {
  "path": "/2024-12-31",
  "method": "PUT",
  "errors": [
    {
      "type": "field",
      "msg": "올바른 날짜 형식이 아닙니다",
      "path": "date",
      "location": "body"
    },
    {
      "type": "field",
      "msg": "신장은 0-300cm 사이여야 합니다",
      "path": "height",
      "location": "body"
    }
  ]
}
2024-11-27 10:33:38 [DEBUG]: Authentication successful {
  "userId": "674676f194af79f3a7bf250d"
}
2024-11-27 10:33:38 [DEBUG]: Validation passed: {
  "path": "/2024-12-31",
  "method": "DELETE"
}
2024-11-27 10:34:54 [DEBUG]: Authentication successful {
  "userId": "6746773e486aba045f504dd8"
}
2024-11-27 10:34:54 [DEBUG]: Validation passed: {
  "path": "/2024-01-01",
  "method": "PUT"
}
2024-11-27 10:34:55 [DEBUG]: Health info updated: {
  "userId": "6746773e486aba045f504dd8",
  "date": "2024-01-01"
}
2024-11-27 10:34:55 [DEBUG]: Authentication successful {
  "userId": "6746773f486aba045f504de2"
}
2024-11-27 10:34:55 [DEBUG]: Validation passed: {
  "path": "/2024-01-01",
  "method": "DELETE"
}
2024-11-27 10:34:55 [DEBUG]: Health info deleted: {
  "userId": "6746773f486aba045f504de2",
  "date": "2024-01-01"
}
2024-11-27 10:34:55 [DEBUG]: Authentication successful {
  "userId": "6746773f486aba045f504de8"
}
2024-11-27 10:34:55 [DEBUG]: Validation passed: {
  "path": "/2024-12-31",
  "method": "PUT"
}
2024-11-27 10:34:55 [DEBUG]: Authentication successful {
  "userId": "6746773f486aba045f504ded"
}
2024-11-27 10:34:55 [DEBUG]: Validation passed: {
  "path": "/2024-12-31",
  "method": "DELETE"
}
2024-11-27 10:42:54 [DEBUG]: Authentication successful {
  "userId": "6746791e6aa58489c95198af"
}
2024-11-27 10:42:54 [DEBUG]: Validation passed: {
  "path": "/weight",
  "method": "GET"
}
2024-11-27 10:42:54 [DEBUG]: Authentication successful {
  "userId": "6746791e6aa58489c95198bb"
}
2024-11-27 10:42:54 [DEBUG]: Validation passed: {
  "path": "/steps",
  "method": "GET"
}
2024-11-27 10:42:55 [DEBUG]: Authentication successful {
  "userId": "6746791f6aa58489c95198c4"
}
2024-11-27 10:42:55 [DEBUG]: Validation passed: {
  "path": "/blood-pressure",
  "method": "GET"
}
2024-11-27 10:42:55 [DEBUG]: Authentication successful {
  "userId": "6746791f6aa58489c95198cd"
}
2024-11-27 10:42:55 [WARN]: Validation failed: {
  "path": "/weight",
  "method": "GET",
  "errors": [
    {
      "type": "field",
      "value": "2023-12-31",
      "msg": "종료일은 시작일보다 이후여야 합니다",
      "path": "endDate",
      "location": "query"
    }
  ]
}
2024-11-27 10:43:47 [DEBUG]: Authentication successful {
  "userId": "67467952a96ae8fedfbca56b"
}
2024-11-27 10:43:47 [DEBUG]: Validation passed: {
  "path": "/weight",
  "method": "GET"
}
2024-11-27 10:43:47 [DEBUG]: Authentication successful {
  "userId": "67467953a96ae8fedfbca577"
}
2024-11-27 10:43:47 [DEBUG]: Validation passed: {
  "path": "/steps",
  "method": "GET"
}
2024-11-27 10:43:47 [DEBUG]: Authentication successful {
  "userId": "67467953a96ae8fedfbca580"
}
2024-11-27 10:43:47 [DEBUG]: Validation passed: {
  "path": "/blood-pressure",
  "method": "GET"
}
2024-11-27 10:43:47 [DEBUG]: Authentication successful {
  "userId": "67467953a96ae8fedfbca589"
}
2024-11-27 10:43:47 [WARN]: Validation failed: {
  "path": "/weight",
  "method": "GET",
  "errors": [
    {
      "type": "field",
      "value": "2023-12-31",
      "msg": "종료일은 시작일보다 이후여야 합니다",
      "path": "endDate",
      "location": "query"
    }
  ]
}
2024-11-27 10:46:58 [DEBUG]: Authentication successful {
  "userId": "67467a12c40759b918ab51a9"
}
2024-11-27 10:46:58 [WARN]: Validation failed: {
  "path": "/export",
  "method": "GET",
  "errors": [
    {
      "type": "field",
      "value": "export",
      "msg": "올바른 날짜 형식이 아닙니다",
      "path": "date",
      "location": "params"
    }
  ]
}
2024-11-27 10:46:58 [WARN]: Authentication failed: No token provided 
2024-11-27 10:46:59 [DEBUG]: Authentication successful {
  "userId": "67467a12c40759b918ab51b8"
}
2024-11-27 10:46:59 [WARN]: Validation failed: {
  "path": "/export",
  "method": "GET",
  "errors": [
    {
      "type": "field",
      "value": "export",
      "msg": "올바른 날짜 형식이 아닙니다",
      "path": "date",
      "location": "params"
    }
  ]
}
2024-11-27 10:46:59 [DEBUG]: Authentication successful {
  "userId": "67467a13c40759b918ab51be"
}
2024-11-27 10:46:59 [WARN]: Validation failed: {
  "path": "/export",
  "method": "GET",
  "errors": [
    {
      "type": "field",
      "value": "export",
      "msg": "올바른 날짜 형식이 아닙니다",
      "path": "date",
      "location": "params"
    }
  ]
}
2024-11-27 10:48:05 [DEBUG]: Authentication successful {
  "userId": "67467a55ab3fed19bb725102"
}
2024-11-27 10:48:05 [DEBUG]: Validation passed: {
  "path": "/",
  "method": "GET"
}
2024-11-27 10:48:05 [WARN]: Authentication failed: No token provided 
2024-11-27 10:48:05 [DEBUG]: Authentication successful {
  "userId": "67467a55ab3fed19bb725112"
}
2024-11-27 10:48:05 [WARN]: Validation failed: {
  "path": "/",
  "method": "GET",
  "errors": [
    {
      "type": "field",
      "value": "2023-12-31",
      "msg": "종료일은 시작일보다 이후여야 합니다",
      "path": "endDate",
      "location": "query"
    }
  ]
}
2024-11-27 10:48:05 [DEBUG]: Authentication successful {
  "userId": "67467a55ab3fed19bb725118"
}
2024-11-27 10:48:05 [DEBUG]: Validation passed: {
  "path": "/",
  "method": "GET"
}
2024-11-27 10:49:02 [DEBUG]: Authentication successful {
  "userId": "67467a8eb5b17d0f4e921e72"
}
2024-11-27 10:49:02 [DEBUG]: Validation passed: {
  "path": "/",
  "method": "GET"
}
2024-11-27 10:49:02 [WARN]: Authentication failed: No token provided 
2024-11-27 10:49:02 [DEBUG]: Authentication successful {
  "userId": "67467a8eb5b17d0f4e921e82"
}
2024-11-27 10:49:02 [WARN]: Validation failed: {
  "path": "/",
  "method": "GET",
  "errors": [
    {
      "type": "field",
      "value": "2023-12-31",
      "msg": "종료일은 시작일보다 이후여야 합니다",
      "path": "endDate",
      "location": "query"
    }
  ]
}
2024-11-27 10:49:03 [DEBUG]: Authentication successful {
  "userId": "67467a8eb5b17d0f4e921e88"
}
2024-11-27 10:49:03 [DEBUG]: Validation passed: {
  "path": "/",
  "method": "GET"
}
2024-11-27 10:49:48 [DEBUG]: Authentication successful {
  "userId": "67467abcc18cf2452bbced92"
}
2024-11-27 10:49:48 [DEBUG]: Validation passed: {
  "path": "/",
  "method": "GET"
}
2024-11-27 10:49:49 [WARN]: Authentication failed: No token provided 
2024-11-27 10:49:49 [DEBUG]: Authentication successful {
  "userId": "67467abdc18cf2452bbceda2"
}
2024-11-27 10:49:49 [WARN]: Validation failed: {
  "path": "/",
  "method": "GET",
  "errors": [
    {
      "type": "field",
      "value": "2023-12-31",
      "msg": "종료일은 시작일보다 이후여야 합니다",
      "path": "endDate",
      "location": "query"
    }
  ]
}
2024-11-27 10:49:49 [DEBUG]: Authentication successful {
  "userId": "67467abdc18cf2452bbceda8"
}
2024-11-27 10:49:49 [DEBUG]: Validation passed: {
  "path": "/",
  "method": "GET"
}
